# JRE version: OpenJDK Runtime Environment (11.0.10) (build 11.0.10+0-b96-7249189)
# Java VM: OpenJDK 64-Bit Server VM (11.0.10+0-b96-7249189, mixed mode, tiered, compressed oops, g1 gc, windows-amd64)
Heap:
 garbage-first heap   total 192512K, used 28914K [0x0000000080000000, 0x0000000100000000)
  region size 1024K, 8 young (8192K), 8 survivors (8192K)
 Metaspace       used 44671K, capacity 45777K, committed 45952K, reserved 1097728K
  class space    used 5739K, capacity 6146K, committed 6272K, reserved 1048576K
GC Heap History (10 events):
Event: 0.837 GC heap before
{Heap before GC invocations=0 (full 0):
 garbage-first heap   total 192512K, used 29696K [0x0000000080000000, 0x0000000100000000)
  region size 1024K, 24 young (24576K), 0 survivors (0K)
 Metaspace       used 10172K, capacity 10363K, committed 10624K, reserved 1058816K
  class space    used 1065K, capacity 1141K, committed 1152K, reserved 1048576K
}
Event: 0.841 GC heap after
{Heap after GC invocations=1 (full 0):
 garbage-first heap   total 192512K, used 9512K [0x0000000080000000, 0x0000000100000000)
  region size 1024K, 3 young (3072K), 3 survivors (3072K)
 Metaspace       used 10172K, capacity 10363K, committed 10624K, reserved 1058816K
  class space    used 1065K, capacity 1141K, committed 1152K, reserved 1048576K
}
Event: 3.923 GC heap before
{Heap before GC invocations=1 (full 0):
 garbage-first heap   total 192512K, used 105768K [0x0000000080000000, 0x0000000100000000)
  region size 1024K, 98 young (100352K), 3 survivors (3072K)
 Metaspace       used 20601K, capacity 21124K, committed 21248K, reserved 1067008K
  class space    used 2519K, capacity 2722K, committed 2816K, reserved 1048576K
}
Event: 3.934 GC heap after
{Heap after GC invocations=2 (full 0):
 garbage-first heap   total 192512K, used 16669K [0x0000000080000000, 0x0000000100000000)
  region size 1024K, 10 young (10240K), 10 survivors (10240K)
 Metaspace       used 20601K, capacity 21124K, committed 21248K, reserved 1067008K
  class space    used 2519K, capacity 2722K, committed 2816K, reserved 1048576K
}
Event: 4.796 GC heap before
{Heap before GC invocations=3 (full 0):
 garbage-first heap   total 192512K, used 60701K [0x0000000080000000, 0x0000000100000000)
  region size 1024K, 53 young (54272K), 10 survivors (10240K)
 Metaspace       used 25021K, capacity 25609K, committed 25728K, reserved 1071104K
  class space    used 3249K, capacity 3455K, committed 3456K, reserved 1048576K
}
Event: 4.803 GC heap after
{Heap after GC invocations=4 (full 0):
 garbage-first heap   total 192512K, used 18325K [0x0000000080000000, 0x0000000100000000)
  region size 1024K, 2 young (2048K), 2 survivors (2048K)
 Metaspace       used 25021K, capacity 25609K, committed 25728K, reserved 1071104K
  class space    used 3249K, capacity 3455K, committed 3456K, reserved 1048576K
}
Event: 6.465 GC heap before
{Heap before GC invocations=4 (full 0):
 garbage-first heap   total 192512K, used 83861K [0x0000000080000000, 0x0000000100000000)
  region size 1024K, 68 young (69632K), 2 survivors (2048K)
 Metaspace       used 35025K, capacity 35830K, committed 35840K, reserved 1081344K
  class space    used 4540K, capacity 4864K, committed 4864K, reserved 1048576K
}
Event: 6.478 GC heap after
{Heap after GC invocations=5 (full 0):
 garbage-first heap   total 192512K, used 22013K [0x0000000080000000, 0x0000000100000000)
  region size 1024K, 6 young (6144K), 6 survivors (6144K)
 Metaspace       used 35025K, capacity 35830K, committed 35840K, reserved 1081344K
  class space    used 4540K, capacity 4864K, committed 4864K, reserved 1048576K
}
Event: 8.660 GC heap before
{Heap before GC invocations=6 (full 0):
 garbage-first heap   total 192512K, used 112125K [0x0000000080000000, 0x0000000100000000)
  region size 1024K, 91 young (93184K), 6 survivors (6144K)
 Metaspace       used 42332K, capacity 43289K, committed 43392K, reserved 1087488K
  class space    used 5379K, capacity 5740K, committed 5760K, reserved 1048576K
}
Event: 8.667 GC heap after
{Heap after GC invocations=7 (full 0):
 garbage-first heap   total 192512K, used 27430K [0x0000000080000000, 0x0000000100000000)
  region size 1024K, 11 young (11264K), 11 survivors (11264K)
 Metaspace       used 42332K, capacity 43289K, committed 43392K, reserved 1087488K
  class space    used 5379K, capacity 5740K, committed 5760K, reserved 1048576K
}

